Log file open, 11/12/17 20:54:00
LogInit: Display: Running engine for game: thirdpersonplay
LogPlatformFile: Not using cached read wrapper
LogInit: Display: RandInit(571372570) SRandInit(571372575).
LogInit: Read version file with build ID '1ceadc9d-5aac-4f7d-b1a1-c5ab65bd86d4'
LogInit: Registered custom module enumerator with build ID '1ceadc9d-5aac-4f7d-b1a1-c5ab65bd86d4'
LogTaskGraph: Started task graph with 5 named threads and 8 total threads with 3 sets of task threads.
LogStats: Stats thread started at 0.045921
LogModuleManager: Display: Found up-to-date module file ../../../Engine/Plugins/2D/Paper2D/Binaries/Linux/libUE4Editor-Paper2D.so (API version 0).
LogModuleManager: Display: Found up-to-date module file ../../../Engine/Plugins/2D/Paper2D/Binaries/Linux/libUE4Editor-Paper2DEditor.so (API version 0).
LogModuleManager: Display: Found up-to-date module file ../../../Engine/Plugins/2D/Paper2D/Binaries/Linux/libUE4Editor-PaperSpriteSheetImporter.so (API version 0).
LogModuleManager: Display: Found up-to-date module file ../../../Engine/Plugins/2D/Paper2D/Binaries/Linux/libUE4Editor-PaperTiledImporter.so (API version 0).
LogModuleManager: Display: Found up-to-date module file ../../../Engine/Plugins/2D/Paper2D/Binaries/Linux/libUE4Editor-SmartSnapping.so (API version 0).
LogModuleManager: Display: Found up-to-date module file ../../../Engine/Plugins/Developer/SubversionSourceControl/Binaries/Linux/libUE4Editor-SubversionSourceControl.so (API version 0).
LogModuleManager: Display: Found up-to-date module file ../../../Engine/Plugins/Developer/GitSourceControl/Binaries/Linux/libUE4Editor-GitSourceControl.so (API version 0).
LogModuleManager: Display: Found up-to-date module file ../../../Engine/Plugins/Developer/KDevelopSourceCodeAccess/Binaries/Linux/libUE4Editor-KDevelopSourceCodeAccess.so (API version 0).
LogModuleManager: Display: Found up-to-date module file ../../../Engine/Plugins/Developer/CodeLiteSourceCodeAccess/Binaries/Linux/libUE4Editor-CodeLiteSourceCodeAccess.so (API version 0).
LogModuleManager: Display: Found up-to-date module file ../../../Engine/Plugins/Developer/UObjectPlugin/Binaries/Linux/libUE4Editor-UObjectPlugin.so (API version 0).
LogModuleManager: Display: Found up-to-date module file ../../../Engine/Plugins/Developer/VisualStudioCodeSourceCodeAccess/Binaries/Linux/libUE4Editor-VisualStudioCodeSourceCodeAccess.so (API version 0).
LogModuleManager: Display: Found up-to-date module file ../../../Engine/Plugins/Developer/NullSourceCodeAccess/Binaries/Linux/libUE4Editor-NullSourceCodeAccess.so (API version 0).
LogModuleManager: Display: Found up-to-date module file ../../../Engine/Plugins/Developer/PerforceSourceControl/Binaries/Linux/libUE4Editor-PerforceSourceControl.so (API version 0).
LogModuleManager: Display: Found up-to-date module file ../../../Engine/Plugins/Experimental/CharacterAI/Binaries/Linux/libUE4Editor-CharacterAI.so (API version 0).
LogModuleManager: Display: Found up-to-date module file ../../../Engine/Plugins/Runtime/Steam/SteamVR/Binaries/Linux/libUE4Editor-SteamVR.so (API version 0).
LogModuleManager: Display: Found up-to-date module file ../../../Engine/Plugins/Runtime/Steam/SteamVR/Binaries/Linux/libUE4Editor-SteamVRController.so (API version 0).
LogModuleManager: Display: Found up-to-date module file ../../../Engine/Plugins/Runtime/ProceduralMeshComponent/Binaries/Linux/libUE4Editor-ProceduralMeshComponent.so (API version 0).
LogModuleManager: Display: Found up-to-date module file ../../../Engine/Plugins/Runtime/ProceduralMeshComponent/Binaries/Linux/libUE4Editor-ProceduralMeshComponentEditor.so (API version 0).
LogModuleManager: Display: Found up-to-date module file ../../../Engine/Plugins/Runtime/AndroidDeviceProfileSelector/Binaries/Linux/libUE4Editor-AndroidDeviceProfileSelector.so (API version 0).
LogModuleManager: Display: Found up-to-date module file ../../../Engine/Plugins/Runtime/PhysXVehicles/Binaries/Linux/libUE4Editor-PhysXVehicles.so (API version 0).
LogModuleManager: Display: Found up-to-date module file ../../../Engine/Plugins/Runtime/PhysXVehicles/Binaries/Linux/libUE4Editor-PhysXVehiclesEditor.so (API version 0).
LogModuleManager: Display: Found up-to-date module file ../../../Engine/Plugins/Runtime/CableComponent/Binaries/Linux/libUE4Editor-CableComponent.so (API version 0).
LogModuleManager: Display: Found up-to-date module file ../../../Engine/Plugins/Runtime/AndroidPermission/Binaries/Linux/libUE4Editor-AndroidPermission.so (API version 0).
LogModuleManager: Display: Found up-to-date module file ../../../Engine/Plugins/Runtime/CustomMeshComponent/Binaries/Linux/libUE4Editor-CustomMeshComponent.so (API version 0).
LogModuleManager: Display: Found up-to-date module file ../../../Engine/Plugins/Runtime/MobilePatchingUtils/Binaries/Linux/libUE4Editor-MobilePatchingUtils.so (API version 0).
LogModuleManager: Display: Found up-to-date module file ../../../Engine/Plugins/Runtime/LocationServicesBPLibrary/Binaries/Linux/libUE4Editor-LocationServicesBPLibrary.so (API version 0).
LogModuleManager: Display: Found up-to-date module file ../../../Engine/Plugins/Runtime/LinuxDeviceProfileSelector/Binaries/Linux/libUE4Editor-LinuxDeviceProfileSelector.so (API version 0).
LogModuleManager: Display: Found up-to-date module file ../../../Engine/Plugins/Runtime/RuntimePhysXCooking/Binaries/Linux/libUE4Editor-RuntimePhysXCooking.so (API version 0).
LogModuleManager: Display: Found up-to-date module file ../../../Engine/Plugins/Runtime/ArchVisCharacter/Binaries/Linux/libUE4Editor-ArchVisCharacter.so (API version 0).
LogModuleManager: Display: Found up-to-date module file ../../../Engine/Plugins/Runtime/ExampleDeviceProfileSelector/Binaries/Linux/libUE4Editor-ExampleDeviceProfileSelector.so (API version 0).
LogModuleManager: Display: Found up-to-date module file ../../../Engine/Plugins/Runtime/ImmediatePhysics/Binaries/Linux/libUE4Editor-ImmediatePhysics.so (API version 0).
LogModuleManager: Display: Found up-to-date module file ../../../Engine/Plugins/Runtime/ImmediatePhysics/Binaries/Linux/libUE4Editor-ImmediatePhysicsEditor.so (API version 0).
LogModuleManager: Display: Found up-to-date module file ../../../Engine/Plugins/Blendables/LightPropagationVolume/Binaries/Linux/libUE4Editor-LightPropagationVolumeRuntime.so (API version 0).
LogModuleManager: Display: Found up-to-date module file ../../../Engine/Plugins/Blendables/LightPropagationVolume/Binaries/Linux/libUE4Editor-LightPropagationVolumeEditor.so (API version 0).
LogModuleManager: Display: Found up-to-date module file ../../../Engine/Plugins/Editor/MobileLauncherProfileWizard/Binaries/Linux/libUE4Editor-MobileLauncherProfileWizard.so (API version 0).
LogModuleManager: Display: Found up-to-date module file ../../../Engine/Plugins/Editor/GameplayTagsEditor/Binaries/Linux/libUE4Editor-GameplayTagsEditor.so (API version 0).
LogModuleManager: Display: Found up-to-date module file ../../../Engine/Plugins/Editor/SpeedTreeImporter/Binaries/Linux/libUE4Editor-SpeedTreeImporter.so (API version 0).
LogModuleManager: Display: Found up-to-date module file ../../../Engine/Plugins/Editor/FacialAnimation/Binaries/Linux/libUE4Editor-FacialAnimation.so (API version 0).
LogModuleManager: Display: Found up-to-date module file ../../../Engine/Plugins/Editor/FacialAnimation/Binaries/Linux/libUE4Editor-FacialAnimationEditor.so (API version 0).
LogModuleManager: Display: Found up-to-date module file ../../../Engine/Plugins/Editor/AssetManagerEditor/Binaries/Linux/libUE4Editor-AssetManagerEditor.so (API version 0).
LogModuleManager: Display: Found up-to-date module file ../../../Engine/Plugins/Editor/PluginBrowser/Binaries/Linux/libUE4Editor-PluginBrowser.so (API version 0).
LogModuleManager: Display: Found up-to-date module file ../../../Engine/Plugins/Media/MediaCompositing/Binaries/Linux/libUE4Editor-MediaCompositing.so (API version 0).
LogModuleManager: Display: Found up-to-date module file ../../../Engine/Plugins/Media/MediaCompositing/Binaries/Linux/libUE4Editor-MediaCompositingEditor.so (API version 0).
LogModuleManager: Display: Found up-to-date module file ../../../Engine/Plugins/Media/AndroidMedia/Binaries/Linux/libUE4Editor-AndroidMediaEditor.so (API version 0).
LogModuleManager: Display: Found up-to-date module file ../../../Engine/Plugins/Media/AndroidMedia/Binaries/Linux/libUE4Editor-AndroidMediaFactory.so (API version 0).
LogModuleManager: Display: Found up-to-date module file ../../../Engine/Plugins/Media/MediaPlayerEditor/Binaries/Linux/libUE4Editor-MediaPlayerEditor.so (API version 0).
LogModuleManager: Display: Found up-to-date module file ../../../Engine/Plugins/Media/ImgMedia/Binaries/Linux/libUE4Editor-ImgMedia.so (API version 0).
LogModuleManager: Display: Found up-to-date module file ../../../Engine/Plugins/Media/ImgMedia/Binaries/Linux/libUE4Editor-ImgMediaEditor.so (API version 0).
LogModuleManager: Display: Found up-to-date module file ../../../Engine/Plugins/Media/ImgMedia/Binaries/Linux/libUE4Editor-ImgMediaFactory.so (API version 0).
LogModuleManager: Display: Found up-to-date module file ../../../Engine/Plugins/Media/ImgMedia/Binaries/Linux/libUE4Editor-ImgMediaFactory.so (API version 0).
LogModuleManager: Display: Found up-to-date module file ../../../Engine/Plugins/Media/WmfMedia/Binaries/Linux/libUE4Editor-WmfMediaEditor.so (API version 0).
LogModuleManager: Display: Found up-to-date module file ../../../Engine/Plugins/Media/WmfMedia/Binaries/Linux/libUE4Editor-WmfMediaFactory.so (API version 0).
LogModuleManager: Display: Found up-to-date module file ../../../Engine/Plugins/Media/WmfMedia/Binaries/Linux/libUE4Editor-WmfMediaFactory.so (API version 0).
LogModuleManager: Display: Found up-to-date module file ../../../Engine/Plugins/Media/AvfMedia/Binaries/Linux/libUE4Editor-AvfMediaEditor.so (API version 0).
LogModuleManager: Display: Found up-to-date module file ../../../Engine/Plugins/Media/AvfMedia/Binaries/Linux/libUE4Editor-AvfMediaFactory.so (API version 0).
LogModuleManager: Display: Found up-to-date module file ../../../Engine/Plugins/Media/AvfMedia/Binaries/Linux/libUE4Editor-AvfMediaFactory.so (API version 0).
LogModuleManager: Display: Found up-to-date module file ../../../Engine/Plugins/Online/OnlineSubsystem/Binaries/Linux/libUE4Editor-OnlineSubsystem.so (API version 0).
LogModuleManager: Display: Found up-to-date module file ../../../Engine/Plugins/Online/OnlineSubsystemUtils/Binaries/Linux/libUE4Editor-OnlineSubsystemUtils.so (API version 0).
LogModuleManager: Display: Found up-to-date module file ../../../Engine/Plugins/Online/OnlineSubsystemUtils/Binaries/Linux/libUE4Editor-OnlineBlueprintSupport.so (API version 0).
LogModuleManager: Display: Found up-to-date module file ../../../Engine/Plugins/Online/OnlineSubsystemNull/Binaries/Linux/libUE4Editor-OnlineSubsystemNull.so (API version 0).
LogModuleManager: Display: Found up-to-date module file ../../../Engine/Plugins/Messaging/UdpMessaging/Binaries/Linux/libUE4Editor-UdpMessaging.so (API version 0).
LogModuleManager: Display: Found up-to-date module file ../../../Engine/Plugins/Messaging/TcpMessaging/Binaries/Linux/libUE4Editor-TcpMessaging.so (API version 0).
LogModuleManager: Display: Found up-to-date module file ../../../Engine/Plugins/MovieScene/LevelSequenceEditor/Binaries/Linux/libUE4Editor-LevelSequenceEditor.so (API version 0).
LogModuleManager: Display: Found up-to-date module file ../../../Engine/Plugins/MovieScene/MatineeToLevelSequence/Binaries/Linux/libUE4Editor-MatineeToLevelSequence.so (API version 0).
LogModuleManager: Display: Found up-to-date module file ../../../Engine/Plugins/MovieScene/ActorSequence/Binaries/Linux/libUE4Editor-ActorSequence.so (API version 0).
LogPluginManager: Mounting plugin Paper2D
LogPluginManager: Mounting plugin SubversionSourceControl
LogPluginManager: Mounting plugin VisualStudioSourceCodeAccess
LogPluginManager: Mounting plugin GitSourceControl
LogPluginManager: Mounting plugin KDevelopSourceCodeAccess
LogPluginManager: Mounting plugin XCodeSourceCodeAccess
LogPluginManager: Mounting plugin CodeLiteSourceCodeAccess
LogPluginManager: Mounting plugin UObjectPlugin
LogPluginManager: Mounting plugin VisualStudioCodeSourceCodeAccess
LogPluginManager: Mounting plugin NullSourceCodeAccess
LogPluginManager: Mounting plugin PerforceSourceControl
LogPluginManager: Mounting plugin AlembicImporter
LogPluginManager: Mounting plugin CharacterAI
LogPluginManager: Mounting plugin HTML5Networking
LogPluginManager: Mounting plugin OculusVR
LogPluginManager: Plugin shader directory ../../../Engine/Plugins/Runtime/Oculus/OculusVR/Shaders found
LogPluginManager: Mapping shader source directory ../../../Engine/Plugins/Runtime/Oculus/OculusVR/Shaders to virtual directory /Plugin/OculusVR
LogPluginManager: Mounting plugin IOSDeviceProfileSelector
LogPluginManager: Mounting plugin SteamVR
LogPluginManager: Mounting plugin AndroidDeviceProfileSelector
LogPluginManager: Mounting plugin AndroidMoviePlayer
LogPluginManager: Mounting plugin PhysXVehicles
LogPluginManager: Mounting plugin CableComponent
LogPluginManager: Mounting plugin WindowsMoviePlayer
LogPluginManager: Mounting plugin AndroidPermission
LogPluginManager: Mounting plugin ProceduralMeshComponent
LogPluginManager: Mounting plugin CustomMeshComponent
LogPluginManager: Mounting plugin MobilePatchingUtils
LogPluginManager: Mounting plugin AppleARKit
LogPluginManager: Mounting plugin AppleMoviePlayer
LogPluginManager: Mounting plugin GoogleCloudMessaging
LogPluginManager: Mounting plugin LocationServicesBPLibrary
LogPluginManager: Mounting plugin LinuxDeviceProfileSelector
LogPluginManager: Mounting plugin RuntimePhysXCooking
LogPluginManager: Mounting plugin ArchVisCharacter
LogPluginManager: Mounting plugin ExampleDeviceProfileSelector
LogPluginManager: Mounting plugin ImmediatePhysics
LogPluginManager: Mounting plugin LightPropagationVolume
LogPluginManager: Mounting plugin MobileLauncherProfileWizard
LogPluginManager: Mounting plugin GameplayTagsEditor
LogPluginManager: Mounting plugin AudioCapture
LogPluginManager: Mounting plugin SpeedTreeImporter
LogPluginManager: Mounting plugin FacialAnimation
LogPluginManager: Mounting plugin AssetManagerEditor
LogPluginManager: Mounting plugin PluginBrowser
LogPluginManager: Mounting plugin MediaCompositing
LogPluginManager: Mounting plugin AndroidMedia
LogPluginManager: Mounting plugin MediaPlayerEditor
LogPluginManager: Mounting plugin ImgMedia
LogPluginManager: Mounting plugin WmfMedia
LogPluginManager: Mounting plugin AvfMedia
LogPluginManager: Mounting plugin OnlineSubsystem
LogPluginManager: Mounting plugin OnlineSubsystemIOS
LogPluginManager: Mounting plugin OnlineSubsystemUtils
LogPluginManager: Mounting plugin OnlineSubsystemGooglePlay
LogPluginManager: Mounting plugin OnlineSubsystemNull
LogPluginManager: Mounting plugin UdpMessaging
LogPluginManager: Mounting plugin TcpMessaging
LogPluginManager: Mounting plugin LevelSequenceEditor
LogPluginManager: Mounting plugin MatineeToLevelSequence
LogPluginManager: Mounting plugin ActorSequence
LogInit: Using libcurl 7.48.0-DEV
LogInit:  - built for x86_64-unknown-linux-gnu
LogInit:  - supports SSL with OpenSSL/1.0.2h
LogInit:  - supports HTTP deflate (compression) using libz 1.2.8
LogInit:  - other features:
LogInit:      CURL_VERSION_SSL
LogInit:      CURL_VERSION_LIBZ
LogInit:      CURL_VERSION_IPV6
LogInit:      CURL_VERSION_ASYNCHDNS
LogInit:      CURL_VERSION_LARGEFILE
LogInit:      CURL_VERSION_TLSAUTH_SRP
LogInit:  Libcurl: checking if '/etc/pki/tls/certs/ca-bundle.crt' exists
LogInit:  Libcurl: checking if '/etc/ssl/certs/ca-certificates.crt' exists
LogInit:  CurlRequestOptions (configurable via config and command line):
LogInit:  - bVerifyPeer = true  - Libcurl will verify peer certificate
LogInit:  - bUseHttpProxy = false  - Libcurl will NOT use HTTP proxy
LogInit:  - bDontReuseConnections = false  - Libcurl will reuse connections
LogInit:  - CertBundlePath = /etc/ssl/certs/ca-certificates.crt  - Libcurl will set CURLOPT_CAINFO to it
LogInit: Build: ++UE4+Release-4.18-CL-0
LogInit: Engine Version: 4.18.0-0+++UE4+Release-4.18
LogInit: Compatible Engine Version: 4.18.0-0+++UE4+Release-4.18
LogInit: Net CL: 0
LogDevObjectVersion: Number of dev versions registered: 16
LogDevObjectVersion:   Dev-Blueprints (B0D832E4-1F89-4F0D-ACCF-7EB736FD4AA2): 10
LogDevObjectVersion:   Dev-Build (E1C64328-A22C-4D53-A36C-8E866417BD8C): 0
LogDevObjectVersion:   Dev-Core (375EC13C-06E4-48FB-B500-84F0262A717E): 2
LogDevObjectVersion:   Dev-Editor (E4B068ED-F494-42E9-A231-DA0B2E46BB41): 20
LogDevObjectVersion:   Dev-Framework (CFFC743F-43B0-4480-9391-14DF171D2073): 30
LogDevObjectVersion:   Dev-Mobile (B02B49B5-BB20-44E9-A304-32B752E40360): 0
LogDevObjectVersion:   Dev-Networking (A4E4105C-59A1-49B5-A7C5-40C4547EDFEE): 0
LogDevObjectVersion:   Dev-Online (39C831C9-5AE6-47DC-9A44-9C173E1C8E7C): 0
LogDevObjectVersion:   Dev-Physics (78F01B33-EBEA-4F98-B9B4-84EACCB95AA2): 0
LogDevObjectVersion:   Dev-Platform (6631380F-2D4D-43E0-8009-CF276956A95A): 0
LogDevObjectVersion:   Dev-Rendering (12F88B9F-8875-4AFC-A67C-D90C383ABD29): 20
LogDevObjectVersion:   Dev-Sequencer (7B5AE74C-D270-4C10-A958-57980B212A5A): 4
LogDevObjectVersion:   Dev-VR (D7296918-1DD6-4BDD-9DE2-64A83CC13884): 0
LogDevObjectVersion:   Dev-LoadTimes (C2A15278-BFE7-4AFE-6C17-90FF531DF755): 1
LogDevObjectVersion:   Private-Geometry (6EACA3D4-40EC-4CC1-B786-8BED09428FC5): 1
LogDevObjectVersion:   Dev-AnimPhys (29E575DD-E0A3-4627-9D10-D276232CDCEA): 12
LogInit: Compiled (64-bit): Nov  3 2017 23:43:28
LogInit: Compiled with Clang: 3.9.1 (tags/RELEASE_391/rc2)
LogInit: Build Configuration: Development
LogInit: Branch Name: ++UE4+Release-4.18
LogInit: Command line: 
LogInit: Base directory: /home/tim/code/unreal/UnrealEngine/Engine/Binaries/Linux/
LogInit: Installed Engine Build: 0
LogInit: Presizing for max 8388607 objects, including 0 objects not considered by GC, pre-allocating 0 bytes for permanent pool.
LogInit: Object subsystem initialized
[2017.11.12-09.54.01:632][  0]LogInit: Initializing SDL.
[2017.11.12-09.54.01:737][  0]LogInit: Using SDL_WINDOW_OPENGL
[2017.11.12-09.54.01:737][  0]LogInit: Initialized SDL 2.0.5 revision: 11184 (hg-11184:04063928c4a8 with EpicExtensions) (compiled against 2.0.5)
[2017.11.12-09.54.01:737][  0]LogInit: Display metrics:
[2017.11.12-09.54.01:737][  0]LogInit:   PrimaryDisplayWidth: 1920
[2017.11.12-09.54.01:737][  0]LogInit:   PrimaryDisplayHeight: 1080
[2017.11.12-09.54.01:737][  0]LogInit:   PrimaryDisplayWorkAreaRect:
[2017.11.12-09.54.01:737][  0]LogInit:     Left=0, Top=25, Right=1920, Bottom=1031
[2017.11.12-09.54.01:737][  0]LogInit:   VirtualDisplayRect:
[2017.11.12-09.54.01:737][  0]LogInit:     Left=0, Top=25, Right=1920, Bottom=1031
[2017.11.12-09.54.01:737][  0]LogInit:   TitleSafePaddingSize: X=0.000 Y=0.000
[2017.11.12-09.54.01:737][  0]LogInit:   ActionSafePaddingSize: X=0.000 Y=0.000
[2017.11.12-09.54.01:737][  0]LogInit:   Number of monitors: 1
[2017.11.12-09.54.01:737][  0]LogInit:     Monitor 0
[2017.11.12-09.54.01:737][  0]LogInit:       Name: 0
[2017.11.12-09.54.01:737][  0]LogInit:       ID: display0
[2017.11.12-09.54.01:737][  0]LogInit:       NativeWidth: 1920
[2017.11.12-09.54.01:737][  0]LogInit:       NativeHeight: 1080
[2017.11.12-09.54.01:737][  0]LogInit:       bIsPrimary: true
[2017.11.12-09.54.01:738][  0]LogLinux: Selected Device Profile: [Linux]
[2017.11.12-09.54.01:738][  0]LogInit: Applying CVar settings loaded from the selected device profile: [Linux]
[2017.11.12-09.54.01:751][  0]LogInit: Linux hardware info:
[2017.11.12-09.54.01:751][  0]LogInit:  - we are not the first instance of this executable
[2017.11.12-09.54.01:751][  0]LogInit:  - this process' id (pid) is 17614, parent process' id (ppid) is 17541
[2017.11.12-09.54.01:751][  0]LogInit:  - we are not running under debugger
[2017.11.12-09.54.01:751][  0]LogInit:  - machine network name is 'goana'
[2017.11.12-09.54.01:751][  0]LogInit:  - user name is 'tim' (tim)
[2017.11.12-09.54.01:751][  0]LogInit:  - we're logged in locally
[2017.11.12-09.54.01:751][  0]LogInit:  - we're running with rendering
[2017.11.12-09.54.01:751][  0]LogInit:  - CPU: GenuineIntel 'Intel(R) Core(TM) i5-7200U CPU @ 2.50GHz' (signature: 0x806E9)
[2017.11.12-09.54.01:751][  0]LogInit:  - Number of physical cores available for the process: 2
[2017.11.12-09.54.01:751][  0]LogInit:  - Number of logical cores available for the process: 4
[2017.11.12-09.54.01:751][  0]LogInit:  - Cache line size: 64
[2017.11.12-09.54.01:751][  0]LogInit:  - Memory allocator used: binned2
[2017.11.12-09.54.01:751][  0]LogLinux: Benchmarking clocks:
[2017.11.12-09.54.01:751][  0]LogLinux:  - CLOCK_REALTIME (id=0) can sustain 218759 (219K, 0M) calls per second without zero deltas.
[2017.11.12-09.54.01:751][  0]LogLinux:  - CLOCK_MONOTONIC (id=1) can sustain 218589 (219K, 0M) calls per second without zero deltas.
[2017.11.12-09.54.01:751][  0]LogLinux:  - CLOCK_MONOTONIC_RAW (id=4) can sustain 218476 (218K, 0M) calls per second without zero deltas.
[2017.11.12-09.54.01:751][  0]LogLinux:  - CLOCK_MONOTONIC_COARSE (id=6) can sustain 175903186 (175903K, 176M) calls per second with 99.999852% zero deltas.
[2017.11.12-09.54.01:751][  0]LogLinux: Selected clock_id 0 (CLOCK_REALTIME) since it is the fastest support clock without zero deltas.
[2017.11.12-09.54.01:751][  0]LogLinux: The clock source is too slow on this machine, performance may be affected.
[2017.11.12-09.54.01:751][  0]LogInit: Linux-specific commandline switches:
[2017.11.12-09.54.01:751][  0]LogInit:  -nodwarf (currently OFF): suppress parsing of DWARF debug info (callstacks will be generated faster, but won't have line numbers)
[2017.11.12-09.54.01:751][  0]LogInit:  -ansimalloc - use malloc()/free() from libc (useful for tools like valgrind and electric fence)
[2017.11.12-09.54.01:751][  0]LogInit:  -jemalloc - use jemalloc for all memory allocation
[2017.11.12-09.54.01:751][  0]LogInit:  -binnedmalloc - use binned malloc  for all memory allocation
[2017.11.12-09.54.01:751][  0]LogInit:  -httpproxy=ADDRESS:PORT - redirects HTTP requests to a proxy (only supported if compiled with libcurl)
[2017.11.12-09.54.01:751][  0]LogInit:  -reuseconn - allow libcurl to reuse HTTP connections (only matters if compiled with libcurl)
[2017.11.12-09.54.01:751][  0]LogInit:  -virtmemkb=NUMBER - sets process virtual memory (address space) limit (overrides VirtualMemoryLimitInKB value from .ini)
[2017.11.12-09.54.01:751][  0]LogInit:  - Physical RAM available (not considering process quota): 8 GB (7883 MB, 8072308 KB, 8266043392 bytes)
[2017.11.12-09.54.01:801][  0]LogInit: Using OS detected language (en-AU).
[2017.11.12-09.54.01:801][  0]LogInit: Using OS detected locale (en-AU).
[2017.11.12-09.54.01:811][  0]LogTextLocalizationManager: No specific localization for 'en-AU' exists, so the 'en' localization will be used.
[2017.11.12-09.54.03:556][  0]LogRHI: Initializing OpenGL RHI
[2017.11.12-09.54.03:556][  0]LogRHI:   GL_VENDOR: NVIDIA Corporation
[2017.11.12-09.54.03:556][  0]LogRHI:   GL_RENDERER: GeForce 940MX/PCIe/SSE2
[2017.11.12-09.54.03:556][  0]LogRHI:   GL_VERSION: 4.3.0 NVIDIA 375.66
[2017.11.12-09.54.03:556][  0]LogRHI:   GL_SHADING_LANGUAGE_VERSION: 4.30 NVIDIA via Cg compiler
[2017.11.12-09.54.03:556][  0]LogRHI: OpenGL Extensions:
[2017.11.12-09.54.03:556][  0]LogRHI:   GL_AMD_multi_draw_indirect
[2017.11.12-09.54.03:556][  0]LogRHI:   GL_AMD_seamless_cubemap_per_texture
[2017.11.12-09.54.03:556][  0]LogRHI:   GL_ARB_arrays_of_arrays
[2017.11.12-09.54.03:556][  0]LogRHI:   GL_ARB_base_instance
[2017.11.12-09.54.03:556][  0]LogRHI:   GL_ARB_bindless_texture
[2017.11.12-09.54.03:556][  0]LogRHI:   GL_ARB_blend_func_extended
[2017.11.12-09.54.03:556][  0]LogRHI:   GL_ARB_buffer_storage
[2017.11.12-09.54.03:556][  0]LogRHI:   GL_ARB_clear_buffer_object
[2017.11.12-09.54.03:556][  0]LogRHI:   GL_ARB_clear_texture
[2017.11.12-09.54.03:556][  0]LogRHI:   GL_ARB_clip_control
[2017.11.12-09.54.03:556][  0]LogRHI:   GL_ARB_color_buffer_float
[2017.11.12-09.54.03:556][  0]LogRHI:   GL_ARB_compressed_texture_pixel_storage
[2017.11.12-09.54.03:556][  0]LogRHI:   GL_ARB_conservative_depth
[2017.11.12-09.54.03:556][  0]LogRHI:   GL_ARB_compute_shader
[2017.11.12-09.54.03:556][  0]LogRHI:   GL_ARB_compute_variable_group_size
[2017.11.12-09.54.03:556][  0]LogRHI:   GL_ARB_conditional_render_inverted
[2017.11.12-09.54.03:556][  0]LogRHI:   GL_ARB_copy_buffer
[2017.11.12-09.54.03:556][  0]LogRHI:   GL_ARB_copy_image
[2017.11.12-09.54.03:556][  0]LogRHI:   GL_ARB_cull_distance
[2017.11.12-09.54.03:556][  0]LogRHI:   GL_ARB_debug_output
[2017.11.12-09.54.03:556][  0]LogRHI:   GL_ARB_depth_buffer_float
[2017.11.12-09.54.03:556][  0]LogRHI:   GL_ARB_depth_clamp
[2017.11.12-09.54.03:556][  0]LogRHI:   GL_ARB_depth_texture
[2017.11.12-09.54.03:556][  0]LogRHI:   GL_ARB_derivative_control
[2017.11.12-09.54.03:556][  0]LogRHI:   GL_ARB_direct_state_access
[2017.11.12-09.54.03:556][  0]LogRHI:   GL_ARB_draw_buffers
[2017.11.12-09.54.03:556][  0]LogRHI:   GL_ARB_draw_buffers_blend
[2017.11.12-09.54.03:556][  0]LogRHI:   GL_ARB_draw_indirect
[2017.11.12-09.54.03:556][  0]LogRHI:   GL_ARB_draw_elements_base_vertex
[2017.11.12-09.54.03:556][  0]LogRHI:   GL_ARB_draw_instanced
[2017.11.12-09.54.03:556][  0]LogRHI:   GL_ARB_enhanced_layouts
[2017.11.12-09.54.03:556][  0]LogRHI:   GL_ARB_ES2_compatibility
[2017.11.12-09.54.03:556][  0]LogRHI:   GL_ARB_ES3_compatibility
[2017.11.12-09.54.03:556][  0]LogRHI:   GL_ARB_ES3_1_compatibility
[2017.11.12-09.54.03:556][  0]LogRHI:   GL_ARB_ES3_2_compatibility
[2017.11.12-09.54.03:556][  0]LogRHI:   GL_ARB_explicit_attrib_location
[2017.11.12-09.54.03:556][  0]LogRHI:   GL_ARB_explicit_uniform_location
[2017.11.12-09.54.03:556][  0]LogRHI:   GL_ARB_fragment_coord_conventions
[2017.11.12-09.54.03:556][  0]LogRHI:   GL_ARB_fragment_layer_viewport
[2017.11.12-09.54.03:557][  0]LogRHI:   GL_ARB_fragment_program
[2017.11.12-09.54.03:557][  0]LogRHI:   GL_ARB_fragment_program_shadow
[2017.11.12-09.54.03:557][  0]LogRHI:   GL_ARB_fragment_shader
[2017.11.12-09.54.03:557][  0]LogRHI:   GL_ARB_framebuffer_no_attachments
[2017.11.12-09.54.03:557][  0]LogRHI:   GL_ARB_framebuffer_object
[2017.11.12-09.54.03:557][  0]LogRHI:   GL_ARB_framebuffer_sRGB
[2017.11.12-09.54.03:557][  0]LogRHI:   GL_ARB_geometry_shader4
[2017.11.12-09.54.03:557][  0]LogRHI:   GL_ARB_get_program_binary
[2017.11.12-09.54.03:557][  0]LogRHI:   GL_ARB_get_texture_sub_image
[2017.11.12-09.54.03:557][  0]LogRHI:   GL_ARB_gl_spirv
[2017.11.12-09.54.03:557][  0]LogRHI:   GL_ARB_gpu_shader5
[2017.11.12-09.54.03:557][  0]LogRHI:   GL_ARB_gpu_shader_fp64
[2017.11.12-09.54.03:557][  0]LogRHI:   GL_ARB_gpu_shader_int64
[2017.11.12-09.54.03:557][  0]LogRHI:   GL_ARB_half_float_pixel
[2017.11.12-09.54.03:557][  0]LogRHI:   GL_ARB_half_float_vertex
[2017.11.12-09.54.03:557][  0]LogRHI:   GL_ARB_imaging
[2017.11.12-09.54.03:557][  0]LogRHI:   GL_ARB_indirect_parameters
[2017.11.12-09.54.03:557][  0]LogRHI:   GL_ARB_instanced_arrays
[2017.11.12-09.54.03:557][  0]LogRHI:   GL_ARB_internalformat_query
[2017.11.12-09.54.03:557][  0]LogRHI:   GL_ARB_internalformat_query2
[2017.11.12-09.54.03:557][  0]LogRHI:   GL_ARB_invalidate_subdata
[2017.11.12-09.54.03:557][  0]LogRHI:   GL_ARB_map_buffer_alignment
[2017.11.12-09.54.03:557][  0]LogRHI:   GL_ARB_map_buffer_range
[2017.11.12-09.54.03:557][  0]LogRHI:   GL_ARB_multi_bind
[2017.11.12-09.54.03:557][  0]LogRHI:   GL_ARB_multi_draw_indirect
[2017.11.12-09.54.03:557][  0]LogRHI:   GL_ARB_multisample
[2017.11.12-09.54.03:557][  0]LogRHI:   GL_ARB_multitexture
[2017.11.12-09.54.03:557][  0]LogRHI:   GL_ARB_occlusion_query
[2017.11.12-09.54.03:557][  0]LogRHI:   GL_ARB_occlusion_query2
[2017.11.12-09.54.03:557][  0]LogRHI:   GL_ARB_parallel_shader_compile
[2017.11.12-09.54.03:557][  0]LogRHI:   GL_ARB_pipeline_statistics_query
[2017.11.12-09.54.03:557][  0]LogRHI:   GL_ARB_pixel_buffer_object
[2017.11.12-09.54.03:557][  0]LogRHI:   GL_ARB_point_parameters
[2017.11.12-09.54.03:557][  0]LogRHI:   GL_ARB_point_sprite
[2017.11.12-09.54.03:557][  0]LogRHI:   GL_ARB_program_interface_query
[2017.11.12-09.54.03:557][  0]LogRHI:   GL_ARB_provoking_vertex
[2017.11.12-09.54.03:557][  0]LogRHI:   GL_ARB_query_buffer_object
[2017.11.12-09.54.03:557][  0]LogRHI:   GL_ARB_robust_buffer_access_behavior
[2017.11.12-09.54.03:557][  0]LogRHI:   GL_ARB_robustness
[2017.11.12-09.54.03:557][  0]LogRHI:   GL_ARB_sample_shading
[2017.11.12-09.54.03:557][  0]LogRHI:   GL_ARB_sampler_objects
[2017.11.12-09.54.03:557][  0]LogRHI:   GL_ARB_seamless_cube_map
[2017.11.12-09.54.03:557][  0]LogRHI:   GL_ARB_seamless_cubemap_per_texture
[2017.11.12-09.54.03:557][  0]LogRHI:   GL_ARB_separate_shader_objects
[2017.11.12-09.54.03:557][  0]LogRHI:   GL_ARB_shader_atomic_counter_ops
[2017.11.12-09.54.03:557][  0]LogRHI:   GL_ARB_shader_atomic_counters
[2017.11.12-09.54.03:557][  0]LogRHI:   GL_ARB_shader_ballot
[2017.11.12-09.54.03:557][  0]LogRHI:   GL_ARB_shader_bit_encoding
[2017.11.12-09.54.03:557][  0]LogRHI:   GL_ARB_shader_clock
[2017.11.12-09.54.03:557][  0]LogRHI:   GL_ARB_shader_draw_parameters
[2017.11.12-09.54.03:557][  0]LogRHI:   GL_ARB_shader_group_vote
[2017.11.12-09.54.03:557][  0]LogRHI:   GL_ARB_shader_image_load_store
[2017.11.12-09.54.03:557][  0]LogRHI:   GL_ARB_shader_image_size
[2017.11.12-09.54.03:557][  0]LogRHI:   GL_ARB_shader_objects
[2017.11.12-09.54.03:557][  0]LogRHI:   GL_ARB_shader_precision
[2017.11.12-09.54.03:558][  0]LogRHI:   GL_ARB_shader_storage_buffer_object
[2017.11.12-09.54.03:558][  0]LogRHI:   GL_ARB_shader_subroutine
[2017.11.12-09.54.03:558][  0]LogRHI:   GL_ARB_shader_texture_image_samples
[2017.11.12-09.54.03:558][  0]LogRHI:   GL_ARB_shader_texture_lod
[2017.11.12-09.54.03:558][  0]LogRHI:   GL_ARB_shading_language_100
[2017.11.12-09.54.03:558][  0]LogRHI:   GL_ARB_shading_language_420pack
[2017.11.12-09.54.03:558][  0]LogRHI:   GL_ARB_shading_language_include
[2017.11.12-09.54.03:558][  0]LogRHI:   GL_ARB_shading_language_packing
[2017.11.12-09.54.03:558][  0]LogRHI:   GL_ARB_shadow
[2017.11.12-09.54.03:558][  0]LogRHI:   GL_ARB_sparse_buffer
[2017.11.12-09.54.03:558][  0]LogRHI:   GL_ARB_sparse_texture
[2017.11.12-09.54.03:558][  0]LogRHI:   GL_ARB_stencil_texturing
[2017.11.12-09.54.03:558][  0]LogRHI:   GL_ARB_sync
[2017.11.12-09.54.03:558][  0]LogRHI:   GL_ARB_tessellation_shader
[2017.11.12-09.54.03:558][  0]LogRHI:   GL_ARB_texture_barrier
[2017.11.12-09.54.03:558][  0]LogRHI:   GL_ARB_texture_border_clamp
[2017.11.12-09.54.03:558][  0]LogRHI:   GL_ARB_texture_buffer_object
[2017.11.12-09.54.03:558][  0]LogRHI:   GL_ARB_texture_buffer_object_rgb32
[2017.11.12-09.54.03:558][  0]LogRHI:   GL_ARB_texture_buffer_range
[2017.11.12-09.54.03:558][  0]LogRHI:   GL_ARB_texture_compression
[2017.11.12-09.54.03:558][  0]LogRHI:   GL_ARB_texture_compression_bptc
[2017.11.12-09.54.03:558][  0]LogRHI:   GL_ARB_texture_compression_rgtc
[2017.11.12-09.54.03:558][  0]LogRHI:   GL_ARB_texture_cube_map
[2017.11.12-09.54.03:558][  0]LogRHI:   GL_ARB_texture_cube_map_array
[2017.11.12-09.54.03:558][  0]LogRHI:   GL_ARB_texture_env_add
[2017.11.12-09.54.03:558][  0]LogRHI:   GL_ARB_texture_env_combine
[2017.11.12-09.54.03:558][  0]LogRHI:   GL_ARB_texture_env_crossbar
[2017.11.12-09.54.03:558][  0]LogRHI:   GL_ARB_texture_env_dot3
[2017.11.12-09.54.03:558][  0]LogRHI:   GL_ARB_texture_float
[2017.11.12-09.54.03:558][  0]LogRHI:   GL_ARB_texture_gather
[2017.11.12-09.54.03:558][  0]LogRHI:   GL_ARB_texture_mirror_clamp_to_edge
[2017.11.12-09.54.03:558][  0]LogRHI:   GL_ARB_texture_mirrored_repeat
[2017.11.12-09.54.03:558][  0]LogRHI:   GL_ARB_texture_multisample
[2017.11.12-09.54.03:558][  0]LogRHI:   GL_ARB_texture_non_power_of_two
[2017.11.12-09.54.03:558][  0]LogRHI:   GL_ARB_texture_query_levels
[2017.11.12-09.54.03:558][  0]LogRHI:   GL_ARB_texture_query_lod
[2017.11.12-09.54.03:558][  0]LogRHI:   GL_ARB_texture_rectangle
[2017.11.12-09.54.03:558][  0]LogRHI:   GL_ARB_texture_rg
[2017.11.12-09.54.03:558][  0]LogRHI:   GL_ARB_texture_rgb10_a2ui
[2017.11.12-09.54.03:558][  0]LogRHI:   GL_ARB_texture_stencil8
[2017.11.12-09.54.03:558][  0]LogRHI:   GL_ARB_texture_storage
[2017.11.12-09.54.03:558][  0]LogRHI:   GL_ARB_texture_storage_multisample
[2017.11.12-09.54.03:558][  0]LogRHI:   GL_ARB_texture_swizzle
[2017.11.12-09.54.03:558][  0]LogRHI:   GL_ARB_texture_view
[2017.11.12-09.54.03:558][  0]LogRHI:   GL_ARB_timer_query
[2017.11.12-09.54.03:558][  0]LogRHI:   GL_ARB_transform_feedback2
[2017.11.12-09.54.03:558][  0]LogRHI:   GL_ARB_transform_feedback3
[2017.11.12-09.54.03:558][  0]LogRHI:   GL_ARB_transform_feedback_instanced
[2017.11.12-09.54.03:558][  0]LogRHI:   GL_ARB_transform_feedback_overflow_query
[2017.11.12-09.54.03:558][  0]LogRHI:   GL_ARB_transpose_matrix
[2017.11.12-09.54.03:558][  0]LogRHI:   GL_ARB_uniform_buffer_object
[2017.11.12-09.54.03:558][  0]LogRHI:   GL_ARB_vertex_array_bgra
[2017.11.12-09.54.03:558][  0]LogRHI:   GL_ARB_vertex_array_object
[2017.11.12-09.54.03:558][  0]LogRHI:   GL_ARB_vertex_attrib_64bit
[2017.11.12-09.54.03:558][  0]LogRHI:   GL_ARB_vertex_attrib_binding
[2017.11.12-09.54.03:558][  0]LogRHI:   GL_ARB_vertex_buffer_object
[2017.11.12-09.54.03:559][  0]LogRHI:   GL_ARB_vertex_program
[2017.11.12-09.54.03:559][  0]LogRHI:   GL_ARB_vertex_shader
[2017.11.12-09.54.03:559][  0]LogRHI:   GL_ARB_vertex_type_10f_11f_11f_rev
[2017.11.12-09.54.03:559][  0]LogRHI:   GL_ARB_vertex_type_2_10_10_10_rev
[2017.11.12-09.54.03:559][  0]LogRHI:   GL_ARB_viewport_array
[2017.11.12-09.54.03:559][  0]LogRHI:   GL_ARB_window_pos
[2017.11.12-09.54.03:559][  0]LogRHI:   GL_ATI_draw_buffers
[2017.11.12-09.54.03:559][  0]LogRHI:   GL_ATI_texture_float
[2017.11.12-09.54.03:559][  0]LogRHI:   GL_ATI_texture_mirror_once
[2017.11.12-09.54.03:559][  0]LogRHI:   GL_S3_s3tc
[2017.11.12-09.54.03:559][  0]LogRHI:   GL_EXT_texture_env_add
[2017.11.12-09.54.03:559][  0]LogRHI:   GL_EXT_abgr
[2017.11.12-09.54.03:559][  0]LogRHI:   GL_EXT_bgra
[2017.11.12-09.54.03:559][  0]LogRHI:   GL_EXT_bindable_uniform
[2017.11.12-09.54.03:559][  0]LogRHI:   GL_EXT_blend_color
[2017.11.12-09.54.03:559][  0]LogRHI:   GL_EXT_blend_equation_separate
[2017.11.12-09.54.03:559][  0]LogRHI:   GL_EXT_blend_func_separate
[2017.11.12-09.54.03:559][  0]LogRHI:   GL_EXT_blend_minmax
[2017.11.12-09.54.03:559][  0]LogRHI:   GL_EXT_blend_subtract
[2017.11.12-09.54.03:559][  0]LogRHI:   GL_EXT_compiled_vertex_array
[2017.11.12-09.54.03:559][  0]LogRHI:   GL_EXT_Cg_shader
[2017.11.12-09.54.03:559][  0]LogRHI:   GL_EXT_depth_bounds_test
[2017.11.12-09.54.03:559][  0]LogRHI:   GL_EXT_direct_state_access
[2017.11.12-09.54.03:559][  0]LogRHI:   GL_EXT_draw_buffers2
[2017.11.12-09.54.03:559][  0]LogRHI:   GL_EXT_draw_instanced
[2017.11.12-09.54.03:559][  0]LogRHI:   GL_EXT_draw_range_elements
[2017.11.12-09.54.03:559][  0]LogRHI:   GL_EXT_fog_coord
[2017.11.12-09.54.03:559][  0]LogRHI:   GL_EXT_framebuffer_blit
[2017.11.12-09.54.03:559][  0]LogRHI:   GL_EXT_framebuffer_multisample
[2017.11.12-09.54.03:559][  0]LogRHI:   GL_EXTX_framebuffer_mixed_formats
[2017.11.12-09.54.03:559][  0]LogRHI:   GL_EXT_framebuffer_multisample_blit_scaled
[2017.11.12-09.54.03:559][  0]LogRHI:   GL_EXT_framebuffer_object
[2017.11.12-09.54.03:559][  0]LogRHI:   GL_EXT_framebuffer_sRGB
[2017.11.12-09.54.03:559][  0]LogRHI:   GL_EXT_geometry_shader4
[2017.11.12-09.54.03:559][  0]LogRHI:   GL_EXT_gpu_program_parameters
[2017.11.12-09.54.03:559][  0]LogRHI:   GL_EXT_gpu_shader4
[2017.11.12-09.54.03:559][  0]LogRHI:   GL_EXT_multi_draw_arrays
[2017.11.12-09.54.03:559][  0]LogRHI:   GL_EXT_packed_depth_stencil
[2017.11.12-09.54.03:559][  0]LogRHI:   GL_EXT_packed_float
[2017.11.12-09.54.03:559][  0]LogRHI:   GL_EXT_packed_pixels
[2017.11.12-09.54.03:559][  0]LogRHI:   GL_EXT_pixel_buffer_object
[2017.11.12-09.54.03:559][  0]LogRHI:   GL_EXT_point_parameters
[2017.11.12-09.54.03:559][  0]LogRHI:   GL_EXT_polygon_offset_clamp
[2017.11.12-09.54.03:559][  0]LogRHI:   GL_EXT_provoking_vertex
[2017.11.12-09.54.03:559][  0]LogRHI:   GL_EXT_rescale_normal
[2017.11.12-09.54.03:559][  0]LogRHI:   GL_EXT_secondary_color
[2017.11.12-09.54.03:559][  0]LogRHI:   GL_EXT_separate_shader_objects
[2017.11.12-09.54.03:559][  0]LogRHI:   GL_EXT_separate_specular_color
[2017.11.12-09.54.03:559][  0]LogRHI:   GL_EXT_shader_image_load_formatted
[2017.11.12-09.54.03:559][  0]LogRHI:   GL_EXT_shader_image_load_store
[2017.11.12-09.54.03:559][  0]LogRHI:   GL_EXT_shader_integer_mix
[2017.11.12-09.54.03:559][  0]LogRHI:   GL_EXT_shadow_funcs
[2017.11.12-09.54.03:559][  0]LogRHI:   GL_EXT_stencil_two_side
[2017.11.12-09.54.03:559][  0]LogRHI:   GL_EXT_stencil_wrap
[2017.11.12-09.54.03:560][  0]LogRHI:   GL_EXT_texture3D
[2017.11.12-09.54.03:560][  0]LogRHI:   GL_EXT_texture_array
[2017.11.12-09.54.03:560][  0]LogRHI:   GL_EXT_texture_buffer_object
[2017.11.12-09.54.03:560][  0]LogRHI:   GL_EXT_texture_compression_dxt1
[2017.11.12-09.54.03:560][  0]LogRHI:   GL_EXT_texture_compression_latc
[2017.11.12-09.54.03:560][  0]LogRHI:   GL_EXT_texture_compression_rgtc
[2017.11.12-09.54.03:560][  0]LogRHI:   GL_EXT_texture_compression_s3tc
[2017.11.12-09.54.03:560][  0]LogRHI:   GL_EXT_texture_cube_map
[2017.11.12-09.54.03:560][  0]LogRHI:   GL_EXT_texture_edge_clamp
[2017.11.12-09.54.03:560][  0]LogRHI:   GL_EXT_texture_env_combine
[2017.11.12-09.54.03:560][  0]LogRHI:   GL_EXT_texture_env_dot3
[2017.11.12-09.54.03:560][  0]LogRHI:   GL_EXT_texture_filter_anisotropic
[2017.11.12-09.54.03:560][  0]LogRHI:   GL_EXT_texture_integer
[2017.11.12-09.54.03:560][  0]LogRHI:   GL_EXT_texture_lod
[2017.11.12-09.54.03:560][  0]LogRHI:   GL_EXT_texture_lod_bias
[2017.11.12-09.54.03:560][  0]LogRHI:   GL_EXT_texture_mirror_clamp
[2017.11.12-09.54.03:560][  0]LogRHI:   GL_EXT_texture_object
[2017.11.12-09.54.03:560][  0]LogRHI:   GL_EXT_texture_shared_exponent
[2017.11.12-09.54.03:560][  0]LogRHI:   GL_EXT_texture_sRGB
[2017.11.12-09.54.03:560][  0]LogRHI:   GL_EXT_texture_sRGB_decode
[2017.11.12-09.54.03:560][  0]LogRHI:   GL_EXT_texture_storage
[2017.11.12-09.54.03:560][  0]LogRHI:   GL_EXT_texture_swizzle
[2017.11.12-09.54.03:560][  0]LogRHI:   GL_EXT_timer_query
[2017.11.12-09.54.03:560][  0]LogRHI:   GL_EXT_transform_feedback2
[2017.11.12-09.54.03:560][  0]LogRHI:   GL_EXT_vertex_array
[2017.11.12-09.54.03:560][  0]LogRHI:   GL_EXT_vertex_array_bgra
[2017.11.12-09.54.03:560][  0]LogRHI:   GL_EXT_vertex_attrib_64bit
[2017.11.12-09.54.03:560][  0]LogRHI:   GL_EXT_window_rectangles
[2017.11.12-09.54.03:560][  0]LogRHI:   GL_EXT_x11_sync_object
[2017.11.12-09.54.03:560][  0]LogRHI:   GL_EXT_import_sync_object
[2017.11.12-09.54.03:560][  0]LogRHI:   GL_NV_robustness_video_memory_purge
[2017.11.12-09.54.03:560][  0]LogRHI:   GL_IBM_rasterpos_clip
[2017.11.12-09.54.03:560][  0]LogRHI:   GL_IBM_texture_mirrored_repeat
[2017.11.12-09.54.03:560][  0]LogRHI:   GL_KHR_context_flush_control
[2017.11.12-09.54.03:560][  0]LogRHI:   GL_KHR_debug
[2017.11.12-09.54.03:560][  0]LogRHI:   GL_KHR_no_error
[2017.11.12-09.54.03:560][  0]LogRHI:   GL_KHR_robust_buffer_access_behavior
[2017.11.12-09.54.03:560][  0]LogRHI:   GL_KHR_robustness
[2017.11.12-09.54.03:560][  0]LogRHI:   GL_KTX_buffer_region
[2017.11.12-09.54.03:560][  0]LogRHI:   GL_NV_alpha_to_coverage_dither_control
[2017.11.12-09.54.03:560][  0]LogRHI:   GL_NV_bindless_multi_draw_indirect
[2017.11.12-09.54.03:560][  0]LogRHI:   GL_NV_bindless_multi_draw_indirect_count
[2017.11.12-09.54.03:560][  0]LogRHI:   GL_NV_bindless_texture
[2017.11.12-09.54.03:560][  0]LogRHI:   GL_NV_blend_equation_advanced
[2017.11.12-09.54.03:560][  0]LogRHI:   GL_NV_blend_equation_advanced_coherent
[2017.11.12-09.54.03:560][  0]LogRHI:   GL_NV_blend_square
[2017.11.12-09.54.03:560][  0]LogRHI:   GL_NV_command_list
[2017.11.12-09.54.03:560][  0]LogRHI:   GL_NV_compute_program5
[2017.11.12-09.54.03:560][  0]LogRHI:   GL_NV_conditional_render
[2017.11.12-09.54.03:560][  0]LogRHI:   GL_NV_copy_depth_to_color
[2017.11.12-09.54.03:560][  0]LogRHI:   GL_NV_copy_image
[2017.11.12-09.54.03:560][  0]LogRHI:   GL_NV_depth_buffer_float
[2017.11.12-09.54.03:560][  0]LogRHI:   GL_NV_depth_clamp
[2017.11.12-09.54.03:560][  0]LogRHI:   GL_NV_draw_texture
[2017.11.12-09.54.03:560][  0]LogRHI:   GL_NV_draw_vulkan_image
[2017.11.12-09.54.03:561][  0]LogRHI:   GL_NV_ES1_1_compatibility
[2017.11.12-09.54.03:561][  0]LogRHI:   GL_NV_ES3_1_compatibility
[2017.11.12-09.54.03:561][  0]LogRHI:   GL_NV_explicit_multisample
[2017.11.12-09.54.03:561][  0]LogRHI:   GL_NV_fence
[2017.11.12-09.54.03:561][  0]LogRHI:   GL_NV_float_buffer
[2017.11.12-09.54.03:561][  0]LogRHI:   GL_NV_fog_distance
[2017.11.12-09.54.03:561][  0]LogRHI:   GL_NV_fragment_program
[2017.11.12-09.54.03:561][  0]LogRHI:   GL_NV_fragment_program_option
[2017.11.12-09.54.03:561][  0]LogRHI:   GL_NV_fragment_program2
[2017.11.12-09.54.03:561][  0]LogRHI:   GL_NV_framebuffer_multisample_coverage
[2017.11.12-09.54.03:561][  0]LogRHI:   GL_NV_geometry_shader4
[2017.11.12-09.54.03:561][  0]LogRHI:   GL_NV_gpu_program4
[2017.11.12-09.54.03:561][  0]LogRHI:   GL_NV_internalformat_sample_query
[2017.11.12-09.54.03:561][  0]LogRHI:   GL_NV_gpu_program4_1
[2017.11.12-09.54.03:561][  0]LogRHI:   GL_NV_gpu_program5
[2017.11.12-09.54.03:561][  0]LogRHI:   GL_NV_gpu_program5_mem_extended
[2017.11.12-09.54.03:561][  0]LogRHI:   GL_NV_gpu_program_fp64
[2017.11.12-09.54.03:561][  0]LogRHI:   GL_NV_gpu_shader5
[2017.11.12-09.54.03:561][  0]LogRHI:   GL_NV_half_float
[2017.11.12-09.54.03:561][  0]LogRHI:   GL_NV_light_max_exponent
[2017.11.12-09.54.03:561][  0]LogRHI:   GL_NV_multisample_coverage
[2017.11.12-09.54.03:561][  0]LogRHI:   GL_NV_multisample_filter_hint
[2017.11.12-09.54.03:561][  0]LogRHI:   GL_NV_occlusion_query
[2017.11.12-09.54.03:561][  0]LogRHI:   GL_NV_packed_depth_stencil
[2017.11.12-09.54.03:561][  0]LogRHI:   GL_NV_parameter_buffer_object
[2017.11.12-09.54.03:561][  0]LogRHI:   GL_NV_parameter_buffer_object2
[2017.11.12-09.54.03:561][  0]LogRHI:   GL_NV_path_rendering
[2017.11.12-09.54.03:561][  0]LogRHI:   GL_NV_pixel_data_range
[2017.11.12-09.54.03:561][  0]LogRHI:   GL_NV_point_sprite
[2017.11.12-09.54.03:561][  0]LogRHI:   GL_NV_primitive_restart
[2017.11.12-09.54.03:561][  0]LogRHI:   GL_NV_register_combiners
[2017.11.12-09.54.03:561][  0]LogRHI:   GL_NV_register_combiners2
[2017.11.12-09.54.03:561][  0]LogRHI:   GL_NV_shader_atomic_counters
[2017.11.12-09.54.03:561][  0]LogRHI:   GL_NV_shader_atomic_float
[2017.11.12-09.54.03:561][  0]LogRHI:   GL_NV_shader_atomic_int64
[2017.11.12-09.54.03:561][  0]LogRHI:   GL_NV_shader_buffer_load
[2017.11.12-09.54.03:561][  0]LogRHI:   GL_NV_shader_storage_buffer_object
[2017.11.12-09.54.03:561][  0]LogRHI:   GL_NV_texgen_reflection
[2017.11.12-09.54.03:561][  0]LogRHI:   GL_NV_texture_barrier
[2017.11.12-09.54.03:561][  0]LogRHI:   GL_NV_texture_compression_vtc
[2017.11.12-09.54.03:561][  0]LogRHI:   GL_NV_texture_env_combine4
[2017.11.12-09.54.03:561][  0]LogRHI:   GL_NV_texture_multisample
[2017.11.12-09.54.03:561][  0]LogRHI:   GL_NV_texture_rectangle
[2017.11.12-09.54.03:561][  0]LogRHI:   GL_NV_texture_shader
[2017.11.12-09.54.03:561][  0]LogRHI:   GL_NV_texture_shader2
[2017.11.12-09.54.03:561][  0]LogRHI:   GL_NV_texture_shader3
[2017.11.12-09.54.03:561][  0]LogRHI:   GL_NV_transform_feedback
[2017.11.12-09.54.03:561][  0]LogRHI:   GL_NV_transform_feedback2
[2017.11.12-09.54.03:561][  0]LogRHI:   GL_NV_uniform_buffer_unified_memory
[2017.11.12-09.54.03:561][  0]LogRHI:   GL_NV_vdpau_interop
[2017.11.12-09.54.03:561][  0]LogRHI:   GL_NV_vertex_array_range
[2017.11.12-09.54.03:561][  0]LogRHI:   GL_NV_vertex_array_range2
[2017.11.12-09.54.03:561][  0]LogRHI:   GL_NV_vertex_attrib_integer_64bit
[2017.11.12-09.54.03:561][  0]LogRHI:   GL_NV_vertex_buffer_unified_memory
[2017.11.12-09.54.03:561][  0]LogRHI:   GL_NV_vertex_program
[2017.11.12-09.54.03:561][  0]LogRHI:   GL_NV_vertex_program1_1
[2017.11.12-09.54.03:562][  0]LogRHI:   GL_NV_vertex_program2
[2017.11.12-09.54.03:562][  0]LogRHI:   GL_NV_vertex_program2_option
[2017.11.12-09.54.03:562][  0]LogRHI:   GL_NV_vertex_program3
[2017.11.12-09.54.03:562][  0]LogRHI:   GL_NVX_conditional_render
[2017.11.12-09.54.03:562][  0]LogRHI:   GL_NVX_gpu_memory_info
[2017.11.12-09.54.03:562][  0]LogRHI:   GL_NVX_nvenc_interop
[2017.11.12-09.54.03:562][  0]LogRHI:   GL_NV_shader_thread_group
[2017.11.12-09.54.03:562][  0]LogRHI:   GL_NV_shader_thread_shuffle
[2017.11.12-09.54.03:562][  0]LogRHI:   GL_KHR_blend_equation_advanced
[2017.11.12-09.54.03:562][  0]LogRHI:   GL_KHR_blend_equation_advanced_coherent
[2017.11.12-09.54.03:562][  0]LogRHI:   GL_SGIS_generate_mipmap
[2017.11.12-09.54.03:562][  0]LogRHI:   GL_SGIS_texture_lod
[2017.11.12-09.54.03:562][  0]LogRHI:   GL_SGIX_depth_texture
[2017.11.12-09.54.03:562][  0]LogRHI:   GL_SGIX_shadow
[2017.11.12-09.54.03:562][  0]LogRHI:   GL_SUN_slice_accum
[2017.11.12-09.54.03:564][  0]LogRHI:   GL_MAX_TEXTURE_SIZE: 16384
[2017.11.12-09.54.03:564][  0]LogRHI:   GL_MAX_CUBE_MAP_TEXTURE_SIZE: 16384
[2017.11.12-09.54.03:564][  0]LogRHI:   GL_MAX_ARRAY_TEXTURE_LAYERS: 2048
[2017.11.12-09.54.03:564][  0]LogRHI:   GL_MAX_3D_TEXTURE_SIZE: 2048
[2017.11.12-09.54.03:564][  0]LogRHI:   GL_MAX_RENDERBUFFER_SIZE: 16384
[2017.11.12-09.54.03:564][  0]LogRHI:   GL_MAX_TEXTURE_IMAGE_UNITS: 32
[2017.11.12-09.54.03:564][  0]LogRHI:   GL_MAX_DRAW_BUFFERS: 8
[2017.11.12-09.54.03:564][  0]LogRHI:   GL_MAX_COLOR_ATTACHMENTS: 8
[2017.11.12-09.54.03:564][  0]LogRHI:   GL_MAX_SAMPLES: 32
[2017.11.12-09.54.03:564][  0]LogRHI:   GL_MAX_COLOR_TEXTURE_SAMPLES: 32
[2017.11.12-09.54.03:564][  0]LogRHI:   GL_MAX_DEPTH_TEXTURE_SAMPLES: 32
[2017.11.12-09.54.03:564][  0]LogRHI:   GL_MAX_INTEGER_SAMPLES: 32
[2017.11.12-09.54.03:564][  0]LogRHI:   GL_MAX_COMBINED_TEXTURE_IMAGE_UNITS: 192
[2017.11.12-09.54.03:564][  0]LogRHI:   GL_MAX_VERTEX_ATTRIBS: 16
[2017.11.12-09.54.03:564][  0]LogRHI:   GL_MAX_TEXTURE_MAX_ANISOTROPY_EXT: 16
[2017.11.12-09.54.03:564][  0]LogRHI: OpenGL MajorVersion = 4, MinorVersion = 3, ShaderPlatform = GLSL_430, FeatureLevel = SM5
[2017.11.12-09.54.03:570][  0]LogRHI: Texture pool is 1433 MB (70% of 2048 MB)
[2017.11.12-09.54.03:570][  0]LogShaderCompilers: Guid format shader working directory is 14 characters bigger than the processId version (../../../../../../Documents/Unreal Projects/thirdpersonplay/Intermediate/Shaders/WorkingDirectory/17614/).
[2017.11.12-09.54.03:570][  0]LogShaderCompilers: Cleaned the shader compiler working directory '../../../../../../Documents/Unreal Projects/thirdpersonplay/Intermediate/Shaders/tmp/0003690D030B140C0036023A22477F0F/'.
[2017.11.12-09.54.03:570][  0]LogShaderCompilers: Display: Using Local Shader Compiler.
[2017.11.12-09.54.05:940][  0]LogTemp: Display: Loaded TP AllDesktopTargetPlatform
[2017.11.12-09.54.06:002][  0]LogTemp: Display: Loaded TP Android_ASTCTargetPlatform
[2017.11.12-09.54.06:063][  0]LogTemp: Display: Loaded TP Android_ATCTargetPlatform
[2017.11.12-09.54.06:126][  0]LogTemp: Display: Loaded TP Android_DXTTargetPlatform
[2017.11.12-09.54.06:200][  0]LogTemp: Display: Loaded TP Android_ETC1TargetPlatform
[2017.11.12-09.54.06:261][  0]LogTemp: Display: Loaded TP Android_ETC2TargetPlatform
[2017.11.12-09.54.06:383][  0]LogTemp: Display: Loaded TP Android_MultiTargetPlatform
[2017.11.12-09.54.06:393][  0]LogTemp: Display: Loaded TP Android_PVRTCTargetPlatform
[2017.11.12-09.54.06:455][  0]LogTemp: Display: Loaded TP AndroidTargetPlatform
[2017.11.12-09.54.06:516][  0]LogTemp: Display: Loaded TP LinuxClientTargetPlatform
[2017.11.12-09.54.06:577][  0]LogTemp: Display: Loaded TP LinuxNoEditorTargetPlatform
[2017.11.12-09.54.06:638][  0]LogTemp: Display: Loaded TP LinuxServerTargetPlatform
[2017.11.12-09.54.06:702][  0]LogTemp: Display: Loaded TP LinuxTargetPlatform
[2017.11.12-09.54.06:752][  0]LogTemp: Display: Loaded TP HTML5TargetPlatform
[2017.11.12-09.54.06:753][  0]LogTargetPlatformManager: Display: Building Assets For Linux
[2017.11.12-09.54.06:979][  0]LogDerivedDataCache: Display: Max Cache Size: 512 MB
[2017.11.12-09.54.07:036][  0]LogDerivedDataCache: Loaded boot cache 0.06s 90MB ../../../../../../Documents/Unreal Projects/thirdpersonplay/DerivedDataCache/Boot.ddc.
[2017.11.12-09.54.07:036][  0]LogDerivedDataCache: Display: Loaded Boot cache: ../../../../../../Documents/Unreal Projects/thirdpersonplay/DerivedDataCache/Boot.ddc
[2017.11.12-09.54.07:036][  0]LogDerivedDataCache: FDerivedDataBackendGraph:  Pak pak cache file ../../../../../../Documents/Unreal Projects/thirdpersonplay/DerivedDataCache/DDC.ddp not found, will not use a pak cache.
[2017.11.12-09.54.07:036][  0]LogDerivedDataCache: Unable to find inner node Pak for hierarchical cache Hierarchy.
[2017.11.12-09.54.07:037][  0]LogDerivedDataCache: FDerivedDataBackendGraph:  EnginePak pak cache file ../../../Engine/DerivedDataCache/DDC.ddp not found, will not use a pak cache.
[2017.11.12-09.54.07:037][  0]LogDerivedDataCache: Unable to find inner node EnginePak for hierarchical cache Hierarchy.
[2017.11.12-09.54.07:037][  0]LogDerivedDataCache: Using Local data cache path ../../../Engine/DerivedDataCache: Writable
[2017.11.12-09.54.07:037][  0]LogDerivedDataCache: Shared data cache path not found in *engine.ini, will not use an Shared cache.
[2017.11.12-09.54.07:037][  0]LogDerivedDataCache: Unable to find inner node Shared for hierarchical cache Hierarchy.
[2017.11.12-09.54.07:048][  0]LogMaterial: Verifying Global Shaders for GLSL_430
[2017.11.12-09.54.07:058][  0]LogSlate: Using Freetype 2.6.0
[2017.11.12-09.54.07:060][  0]LogSlate: SlateFontCache - WITH_FREETYPE: 1, WITH_HARFBUZZ: 0
[2017.11.12-09.54.07:060][  0]LogSlate: SlateFontCache - WITH_FREETYPE: 1, WITH_HARFBUZZ: 0
[2017.11.12-09.54.07:586][  0]LogLinux: Selected Device Profile: [Linux]
[2017.11.12-09.54.07:827][  0]LogMeshReduction: Using QuadricMeshReduction for automatic static mesh reduction
[2017.11.12-09.54.07:827][  0]LogMeshReduction: No automatic skeletal mesh reduction module available
[2017.11.12-09.54.07:827][  0]LogMeshReduction: No automatic mesh merging module available
[2017.11.12-09.54.07:827][  0]LogMeshReduction: No distributed automatic mesh merging module available
[2017.11.12-09.54.07:827][  0]LogMeshMerging: No automatic mesh merging module available
[2017.11.12-09.54.07:827][  0]LogMeshMerging: No distributed automatic mesh merging module available
[2017.11.12-09.54.07:979][  0]LogNetVersion: thirdpersonplay , NetCL: 0, EngineNetVer: 2, GameNetVer: 0 (Checksum: 3582269298)
[2017.11.12-09.54.08:196][  0]LogAssetRegistry: FAssetRegistry took 0.0100 seconds to start up
[2017.11.12-09.54.08:886][  0]LogPackageLocalizationCache: Processed 7 localized package path(s) for 2 prioritized culture(s) in 0.030371 seconds
[2017.11.12-09.54.08:892][  0]LogUObjectArray: 35531 objects as part of root set at end of initial load.
[2017.11.12-09.54.08:892][  0]LogUObjectAllocator: 7280144 out of 0 bytes used by permanent object pool.
[2017.11.12-09.54.08:892][  0]LogUObjectArray: CloseDisregardForGC: 0/0 objects in disregard for GC pool
[2017.11.12-09.54.09:034][  0]LogHAL: Linux SourceCodeAccessSettings: NullSourceCodeAccessor
[2017.11.12-09.54.09:706][  0]LogStreaming: Warning: Failed to read file '../../../Engine/Content/Editor/Slate/Launcher/Mac/Platform_Mac_24x.png' error.
[2017.11.12-09.54.09:706][  0]LogSlate: Could not find file for Slate resource: ../../../Engine/Content/Editor/Slate/Launcher/Mac/Platform_Mac_24x.png
[2017.11.12-09.54.09:707][  0]LogStreaming: Warning: Failed to read file '../../../Engine/Content/Editor/Slate/Launcher/Mac/Platform_Mac_128x.png' error.
[2017.11.12-09.54.09:707][  0]LogSlate: Could not find file for Slate resource: ../../../Engine/Content/Editor/Slate/Launcher/Mac/Platform_Mac_128x.png
[2017.11.12-09.54.09:707][  0]LogStreaming: Warning: Failed to read file '../../../Engine/Content/Editor/Slate/Launcher/Mac/Platform_Mac_128x.png' error.
[2017.11.12-09.54.09:707][  0]LogSlate: Could not find file for Slate resource: ../../../Engine/Content/Editor/Slate/Launcher/Mac/Platform_Mac_128x.png
[2017.11.12-09.54.09:708][  0]LogStreaming: Warning: Failed to read file '../../../Engine/Content/Editor/Slate/Launcher/Mac/Platform_Mac_24x.png' error.
[2017.11.12-09.54.09:708][  0]LogSlate: Could not find file for Slate resource: ../../../Engine/Content/Editor/Slate/Launcher/Mac/Platform_Mac_24x.png
[2017.11.12-09.54.09:708][  0]LogStreaming: Warning: Failed to read file '../../../Engine/Content/Editor/Slate/Launcher/Mac/Platform_Mac_128x.png' error.
[2017.11.12-09.54.09:708][  0]LogSlate: Could not find file for Slate resource: ../../../Engine/Content/Editor/Slate/Launcher/Mac/Platform_Mac_128x.png
[2017.11.12-09.54.09:708][  0]LogStreaming: Warning: Failed to read file '../../../Engine/Content/Editor/Slate/Launcher/Mac/Platform_Mac_128x.png' error.
[2017.11.12-09.54.09:708][  0]LogSlate: Could not find file for Slate resource: ../../../Engine/Content/Editor/Slate/Launcher/Mac/Platform_Mac_128x.png
[2017.11.12-09.54.09:709][  0]LogStreaming: Warning: Failed to read file '../../../Engine/Content/Editor/Slate/Launcher/Mac/Platform_Mac_24x.png' error.
[2017.11.12-09.54.09:709][  0]LogSlate: Could not find file for Slate resource: ../../../Engine/Content/Editor/Slate/Launcher/Mac/Platform_Mac_24x.png
[2017.11.12-09.54.09:709][  0]LogStreaming: Warning: Failed to read file '../../../Engine/Content/Editor/Slate/Launcher/Mac/Platform_Mac_128x.png' error.
[2017.11.12-09.54.09:709][  0]LogSlate: Could not find file for Slate resource: ../../../Engine/Content/Editor/Slate/Launcher/Mac/Platform_Mac_128x.png
[2017.11.12-09.54.09:709][  0]LogStreaming: Warning: Failed to read file '../../../Engine/Content/Editor/Slate/Launcher/Mac/Platform_Mac_128x.png' error.
[2017.11.12-09.54.09:709][  0]LogSlate: Could not find file for Slate resource: ../../../Engine/Content/Editor/Slate/Launcher/Mac/Platform_Mac_128x.png
[2017.11.12-09.54.09:710][  0]LogStreaming: Warning: Failed to read file '../../../Engine/Content/Editor/Slate/Launcher/Mac/Platform_Mac_24x.png' error.
[2017.11.12-09.54.09:710][  0]LogSlate: Could not find file for Slate resource: ../../../Engine/Content/Editor/Slate/Launcher/Mac/Platform_Mac_24x.png
[2017.11.12-09.54.09:710][  0]LogStreaming: Warning: Failed to read file '../../../Engine/Content/Editor/Slate/Launcher/Mac/Platform_Mac_128x.png' error.
[2017.11.12-09.54.09:710][  0]LogSlate: Could not find file for Slate resource: ../../../Engine/Content/Editor/Slate/Launcher/Mac/Platform_Mac_128x.png
[2017.11.12-09.54.09:711][  0]LogStreaming: Warning: Failed to read file '../../../Engine/Content/Editor/Slate/Launcher/Mac/Platform_Mac_128x.png' error.
[2017.11.12-09.54.09:711][  0]LogSlate: Could not find file for Slate resource: ../../../Engine/Content/Editor/Slate/Launcher/Mac/Platform_Mac_128x.png
[2017.11.12-09.54.09:713][  0]LogStreaming: Warning: Failed to read file '../../../Engine/Content/Editor/Slate/Launcher/Android/Platform_Android_24x.png' error.
[2017.11.12-09.54.09:713][  0]LogSlate: Could not find file for Slate resource: ../../../Engine/Content/Editor/Slate/Launcher/Android/Platform_Android_24x.png
[2017.11.12-09.54.09:714][  0]LogStreaming: Warning: Failed to read file '../../../Engine/Content/Editor/Slate/Launcher/Android/Platform_Android_128x.png' error.
[2017.11.12-09.54.09:714][  0]LogSlate: Could not find file for Slate resource: ../../../Engine/Content/Editor/Slate/Launcher/Android/Platform_Android_128x.png
[2017.11.12-09.54.09:714][  0]LogStreaming: Warning: Failed to read file '../../../Engine/Content/Editor/Slate/Launcher/Android/Platform_Android_128x.png' error.
[2017.11.12-09.54.09:714][  0]LogSlate: Could not find file for Slate resource: ../../../Engine/Content/Editor/Slate/Launcher/Android/Platform_Android_128x.png
[2017.11.12-09.54.09:714][  0]LogStreaming: Warning: Failed to read file '../../../Engine/Content/Editor/Slate/Launcher/Android/Platform_Android_24x.png' error.
[2017.11.12-09.54.09:714][  0]LogSlate: Could not find file for Slate resource: ../../../Engine/Content/Editor/Slate/Launcher/Android/Platform_Android_24x.png
[2017.11.12-09.54.09:715][  0]LogStreaming: Warning: Failed to read file '../../../Engine/Content/Editor/Slate/Launcher/Android/Platform_Android_128x.png' error.
[2017.11.12-09.54.09:715][  0]LogSlate: Could not find file for Slate resource: ../../../Engine/Content/Editor/Slate/Launcher/Android/Platform_Android_128x.png
[2017.11.12-09.54.09:715][  0]LogStreaming: Warning: Failed to read file '../../../Engine/Content/Editor/Slate/Launcher/Android/Platform_Android_128x.png' error.
[2017.11.12-09.54.09:715][  0]LogSlate: Could not find file for Slate resource: ../../../Engine/Content/Editor/Slate/Launcher/Android/Platform_Android_128x.png
[2017.11.12-09.54.09:715][  0]LogStreaming: Warning: Failed to read file '../../../Engine/Content/Editor/Slate/Launcher/Android/Platform_Android_ATC_24x.png' error.
[2017.11.12-09.54.09:715][  0]LogSlate: Could not find file for Slate resource: ../../../Engine/Content/Editor/Slate/Launcher/Android/Platform_Android_ATC_24x.png
[2017.11.12-09.54.09:716][  0]LogStreaming: Warning: Failed to read file '../../../Engine/Content/Editor/Slate/Launcher/Android/Platform_Android_128x.png' error.
[2017.11.12-09.54.09:716][  0]LogSlate: Could not find file for Slate resource: ../../../Engine/Content/Editor/Slate/Launcher/Android/Platform_Android_128x.png
[2017.11.12-09.54.09:716][  0]LogStreaming: Warning: Failed to read file '../../../Engine/Content/Editor/Slate/Launcher/Android/Platform_Android_128x.png' error.
[2017.11.12-09.54.09:716][  0]LogSlate: Could not find file for Slate resource: ../../../Engine/Content/Editor/Slate/Launcher/Android/Platform_Android_128x.png
[2017.11.12-09.54.09:717][  0]LogStreaming: Warning: Failed to read file '../../../Engine/Content/Editor/Slate/Launcher/Android/Platform_Android_DXT_24x.png' error.
[2017.11.12-09.54.09:717][  0]LogSlate: Could not find file for Slate resource: ../../../Engine/Content/Editor/Slate/Launcher/Android/Platform_Android_DXT_24x.png
[2017.11.12-09.54.09:717][  0]LogStreaming: Warning: Failed to read file '../../../Engine/Content/Editor/Slate/Launcher/Android/Platform_Android_128x.png' error.
[2017.11.12-09.54.09:717][  0]LogSlate: Could not find file for Slate resource: ../../../Engine/Content/Editor/Slate/Launcher/Android/Platform_Android_128x.png
[2017.11.12-09.54.09:717][  0]LogStreaming: Warning: Failed to read file '../../../Engine/Content/Editor/Slate/Launcher/Android/Platform_Android_128x.png' error.
[2017.11.12-09.54.09:717][  0]LogSlate: Could not find file for Slate resource: ../../../Engine/Content/Editor/Slate/Launcher/Android/Platform_Android_128x.png
[2017.11.12-09.54.09:718][  0]LogStreaming: Warning: Failed to read file '../../../Engine/Content/Editor/Slate/Launcher/Android/Platform_Android_ETC1_24x.png' error.
[2017.11.12-09.54.09:718][  0]LogSlate: Could not find file for Slate resource: ../../../Engine/Content/Editor/Slate/Launcher/Android/Platform_Android_ETC1_24x.png
[2017.11.12-09.54.09:718][  0]LogStreaming: Warning: Failed to read file '../../../Engine/Content/Editor/Slate/Launcher/Android/Platform_Android_128x.png' error.
[2017.11.12-09.54.09:718][  0]LogSlate: Could not find file for Slate resource: ../../../Engine/Content/Editor/Slate/Launcher/Android/Platform_Android_128x.png
[2017.11.12-09.54.09:719][  0]LogStreaming: Warning: Failed to read file '../../../Engine/Content/Editor/Slate/Launcher/Android/Platform_Android_128x.png' error.
[2017.11.12-09.54.09:719][  0]LogSlate: Could not find file for Slate resource: ../../../Engine/Content/Editor/Slate/Launcher/Android/Platform_Android_128x.png
[2017.11.12-09.54.09:720][  0]LogStreaming: Warning: Failed to read file '../../../Engine/Content/Editor/Slate/Launcher/Android/Platform_Android_ETC2_24x.png' error.
[2017.11.12-09.54.09:720][  0]LogSlate: Could not find file for Slate resource: ../../../Engine/Content/Editor/Slate/Launcher/Android/Platform_Android_ETC2_24x.png
[2017.11.12-09.54.09:720][  0]LogStreaming: Warning: Failed to read file '../../../Engine/Content/Editor/Slate/Launcher/Android/Platform_Android_128x.png' error.
[2017.11.12-09.54.09:720][  0]LogSlate: Could not find file for Slate resource: ../../../Engine/Content/Editor/Slate/Launcher/Android/Platform_Android_128x.png
[2017.11.12-09.54.09:720][  0]LogStreaming: Warning: Failed to read file '../../../Engine/Content/Editor/Slate/Launcher/Android/Platform_Android_128x.png' error.
[2017.11.12-09.54.09:720][  0]LogSlate: Could not find file for Slate resource: ../../../Engine/Content/Editor/Slate/Launcher/Android/Platform_Android_128x.png
[2017.11.12-09.54.09:721][  0]LogStreaming: Warning: Failed to read file '../../../Engine/Content/Editor/Slate/Launcher/Android/Platform_Android_PVRTC_24x.png' error.
[2017.11.12-09.54.09:721][  0]LogSlate: Could not find file for Slate resource: ../../../Engine/Content/Editor/Slate/Launcher/Android/Platform_Android_PVRTC_24x.png
[2017.11.12-09.54.09:721][  0]LogStreaming: Warning: Failed to read file '../../../Engine/Content/Editor/Slate/Launcher/Android/Platform_Android_128x.png' error.
[2017.11.12-09.54.09:721][  0]LogSlate: Could not find file for Slate resource: ../../../Engine/Content/Editor/Slate/Launcher/Android/Platform_Android_128x.png
[2017.11.12-09.54.09:722][  0]LogStreaming: Warning: Failed to read file '../../../Engine/Content/Editor/Slate/Launcher/Android/Platform_Android_128x.png' error.
[2017.11.12-09.54.09:722][  0]LogSlate: Could not find file for Slate resource: ../../../Engine/Content/Editor/Slate/Launcher/Android/Platform_Android_128x.png
[2017.11.12-09.54.09:722][  0]LogStreaming: Warning: Failed to read file '../../../Engine/Content/Editor/Slate/Launcher/Android/Platform_Android_ASTC_24x.png' error.
[2017.11.12-09.54.09:722][  0]LogSlate: Could not find file for Slate resource: ../../../Engine/Content/Editor/Slate/Launcher/Android/Platform_Android_ASTC_24x.png
[2017.11.12-09.54.09:722][  0]LogStreaming: Warning: Failed to read file '../../../Engine/Content/Editor/Slate/Launcher/Android/Platform_Android_128x.png' error.
[2017.11.12-09.54.09:722][  0]LogSlate: Could not find file for Slate resource: ../../../Engine/Content/Editor/Slate/Launcher/Android/Platform_Android_128x.png
[2017.11.12-09.54.09:723][  0]LogStreaming: Warning: Failed to read file '../../../Engine/Content/Editor/Slate/Launcher/Android/Platform_Android_128x.png' error.
[2017.11.12-09.54.09:723][  0]LogSlate: Could not find file for Slate resource: ../../../Engine/Content/Editor/Slate/Launcher/Android/Platform_Android_128x.png
[2017.11.12-09.54.12:718][  0]LogUdpMessaging: Initializing bridge on interface 0.0.0.0:0 to multicast group 230.0.0.1:6666.
[2017.11.12-09.54.12:730][  0]LogTcpMessaging: Initializing TcpMessaging bridge
[2017.11.12-09.54.13:032][  0]LogMaterial: Uniform references updated for custom material expression Custom.
[2017.11.12-09.54.13:492][  0]SourceControl: Source control is disabled
[2017.11.12-09.54.13:492][  0]SourceControl: Source control is disabled
[2017.11.12-09.54.13:560][  0]SourceControl: Source control is disabled
[2017.11.12-09.54.13:668][  0]SourceControl: Source control is disabled
[2017.11.12-09.54.13:845][  0]LogAndroidPermission: UAndroidPermissionCallbackProxy::GetInstance
[2017.11.12-09.54.14:809][  0]LogEngine: Initializing Engine...
[2017.11.12-09.54.14:811][  0]LogHMD: Failed to initialize OpenVR with code 110
[2017.11.12-09.54.15:147][  0]LogStats: UGameplayTagsManager::ConstructGameplayTagTree: Construct from data asset -  0.000 s
[2017.11.12-09.54.15:147][  0]LogStats: UGameplayTagsManager::ConstructGameplayTagTree: GameplayTagTreeChangedEvent.Broadcast -  0.000 s
[2017.11.12-09.54.15:286][  0]LogAIModule: Creating AISystem for world Untitled
[2017.11.12-09.54.15:300][  0]LogAudioMixer: Display: Audio Mixer Platform Settings:
[2017.11.12-09.54.15:300][  0]LogAudioMixer: Display: 	Sample Rate:						  48000
[2017.11.12-09.54.15:300][  0]LogAudioMixer: Display: 	Callback Buffer Frame Size Requested: 1024
[2017.11.12-09.54.15:300][  0]LogAudioMixer: Display: 	Callback Buffer Frame Size To Use:	  1024
[2017.11.12-09.54.15:300][  0]LogAudioMixer: Display: 	Number of buffers to queue:			  2
[2017.11.12-09.54.15:300][  0]LogAudioMixer: Display: 	Max Channels (voices):				  0
[2017.11.12-09.54.15:300][  0]LogAudioMixer: Display: 	Number of Async Source Workers:		  0
[2017.11.12-09.54.15:300][  0]LogAudioMixer: Display: Initializing audio mixer.
[2017.11.12-09.54.15:306][  0]LogAudioMixerSDL: Display: Initialized SDL using pulseaudio platform API backend.
[2017.11.12-09.54.15:378][  0]LogInit: FAudioDevice initialized.
[2017.11.12-09.54.15:451][  0]LogDerivedDataCache: Saved boot cache 0.07s 90MB ../../../../../../Documents/Unreal Projects/thirdpersonplay/DerivedDataCache/Boot.ddc.
[2017.11.12-09.54.15:718][  0]LogInit: Texture streaming: Enabled
[2017.11.12-09.54.16:750][  0]LogEngineSessionManager: EngineSessionManager initialized
[2017.11.12-09.54.17:074][  0]LogInit: Transaction tracking system initialized
[2017.11.12-09.54.17:394][  0]BlueprintLog: New page: Editor Load
[2017.11.12-09.54.18:324][  0]LocalizationService: Localization service is disabled
[2017.11.12-09.54.19:579][  0]LogConsoleResponse: Display: 
[2017.11.12-09.54.19:837][  0]LogFileCache: Scanning file cache for directory '/home/tim/Documents/Unreal Projects/thirdpersonplay/Content/' took 0.00s
[2017.11.12-09.54.19:837][  0]LogCook: Display: Max memory allowance for cook 16384mb min free memory 0mb
[2017.11.12-09.54.19:837][  0]LogCook: Display: Mobile HDR setting 1
[2017.11.12-09.54.19:837][  0]LogGameplayTags: Display: UGameplayTagsManager::DoneAddingNativeTags. DelegateIsBound: 0
[2017.11.12-09.54.20:896][  0]SourceControl: Source control is disabled
[2017.11.12-09.54.20:896][  0]Cmd: MAP LOAD FILE="../../../../../../Documents/Unreal Projects/thirdpersonplay/Content/StarterContent/Maps/Minimal_Default.umap" TEMPLATE=0 SHOWPROGRESS=1 FEATURELEVEL=3
[2017.11.12-09.54.20:907][  0]LightingResults: New page: Lighting Build
[2017.11.12-09.54.20:944][  0]MapCheck: New page: Map Check
[2017.11.12-09.54.20:945][  0]LightingResults: New page: Lighting Build
[2017.11.12-09.54.21:543][  0]LogAIModule: Creating AISystem for world Minimal_Default
[2017.11.12-09.54.21:553][  0]LogEditorServer: Finished looking for orphan Actors (0.000 secs)
[2017.11.12-09.54.21:584][  0]Cmd: MAP CHECKDEP NOCLEARLOG
[2017.11.12-09.54.21:600][  0]MapCheck: Map check complete: 0 Error(s), 0 Warning(s), took 16.565ms to complete.
[2017.11.12-09.54.21:600][  0]LogFileHelpers: Loading map 'Minimal_Default' took 0.704
[2017.11.12-09.54.21:656][  0]LogLinux: Scale at X=0.000000, Y=25.000000: 1.500000 (monitor=#0, HDPI=141.767441 (horz scale: 1.476744), VDPI=141.402069 (vert scale: 1.472938))
[2017.11.12-09.54.21:656][  0]LogLinux: Scale at X=0.000000, Y=25.000000: 1.500000 (monitor=#0, HDPI=141.767441 (horz scale: 1.476744), VDPI=141.402069 (vert scale: 1.472938))
[2017.11.12-09.54.21:657][  0]LogLinux: Scale at X=959.999756, Y=528.000000: 1.500000 (monitor=#0, HDPI=141.767441 (horz scale: 1.476744), VDPI=141.402069 (vert scale: 1.472938))
[2017.11.12-09.54.21:682][  0]LogLinux: Scale at X=0.000000, Y=25.000000: 1.500000 (monitor=#0, HDPI=141.767441 (horz scale: 1.476744), VDPI=141.402069 (vert scale: 1.472938))
[2017.11.12-09.54.21:746][  0]LogCollectionManager: Loaded 0 collections in 0.000861 seconds
[2017.11.12-09.54.21:760][  0]LogFileCache: Scanning file cache for directory '/home/tim/Documents/Unreal Projects/thirdpersonplay/Saved/Collections/' took 0.00s
[2017.11.12-09.54.21:760][  0]LogFileCache: Scanning file cache for directory '/home/tim/Documents/Unreal Projects/thirdpersonplay/Content/Developers/tim/Collections/' took 0.00s
[2017.11.12-09.54.21:760][  0]LogFileCache: Scanning file cache for directory '/home/tim/Documents/Unreal Projects/thirdpersonplay/Content/Collections/' took 0.00s
[2017.11.12-09.54.21:760][  0]LogContentBrowser: Native class hierarchy populated in 0.0107 seconds. Added 2344 classes and 494 folders.
[2017.11.12-09.54.21:762][  0]LogCollectionManager: Rebuilt the GUID cache for 0 collections in 0.000005 seconds
[2017.11.12-09.54.21:850][  0]LogContentBrowser: Native class hierarchy updated for 'WidgetCarousel' in 0.0003 seconds. Added 0 classes and 0 folders.
[2017.11.12-09.54.21:870][  0]LogContentBrowser: Native class hierarchy updated for 'AddContentDialog' in 0.0002 seconds. Added 0 classes and 0 folders.
[2017.11.12-09.54.21:920][  0]LogContentBrowser: Native class hierarchy updated for 'SceneOutliner' in 0.0002 seconds. Added 1 classes and 2 folders.
[2017.11.12-09.54.22:056][  0]LogContentBrowser: Native class hierarchy updated for 'HierarchicalLODOutliner' in 0.0003 seconds. Added 1 classes and 2 folders.
[2017.11.12-09.54.22:056][  0]LogLoad: (Engine Initialization) Total time: 22.27 seconds
[2017.11.12-09.54.22:056][  0]LogLoad: (Engine Initialization) Total Blueprint compile time: 0.00 seconds
[2017.11.12-09.54.22:056][  0]LogExternalProfiler: No external profilers were discovered.  External profiling features will not be available.
[2017.11.12-09.54.22:394][  0]LogSlate: Took 0.000265 seconds to synchronously load lazily loaded font '../../../Engine/Content/Slate/Fonts/Roboto-Regular.ttf' (155K)
[2017.11.12-09.54.22:410][  0]LogSlate: Took 0.000268 seconds to synchronously load lazily loaded font '../../../Engine/Content/Slate/Fonts/Roboto-Bold.ttf' (160K)
[2017.11.12-09.54.22:428][  0]LogSlate: Took 0.000105 seconds to synchronously load lazily loaded font '../../../Engine/Content/Editor/Slate/Fonts/FontAwesome.ttf' (139K)
[2017.11.12-09.54.22:654][  0]LogRenderer: Reallocating scene render targets to support 804x336 Format 9 NumSamples 1 (Frame:1).
[2017.11.12-09.54.22:810][  0]LogInit: Adding external input plugin.
[2017.11.12-09.54.22:827][  0]LogLinux: Setting swap interval to 'Immediate'
[2017.11.12-09.54.22:827][  0]LogContentStreaming: Texture pool size now 600 MB
[2017.11.12-09.54.22:945][  2]LogAssetRegistry: Asset discovery search completed in 14.7525 seconds
[2017.11.12-09.54.22:946][  2]LogCollectionManager: Rebuilt the object cache for 0 collections in 0.000005 seconds (found 0 objects)
[2017.11.12-09.54.22:946][  2]LogCollectionManager: Fixed up redirectors for 0 collections in 0.000081 seconds (updated 0 objects)
[2017.11.12-09.54.24:708][ 81]LogLinux: Scale at X=960.000000, Y=540.000000: 1.500000 (monitor=#0, HDPI=141.767441 (horz scale: 1.476744), VDPI=141.402069 (vert scale: 1.472938))
[2017.11.12-09.54.26:881][186]LogSlate: Took 0.000223 seconds to synchronously load lazily loaded font '../../../Engine/Content/Slate/Fonts/Roboto-Light.ttf' (159K)
[2017.11.12-09.55.00:355][300]LogLinux: Setting swap interval to 'Immediate'
[2017.11.12-09.55.07:407][469]LogLinux: Scale at X=0.000000, Y=25.000000: 1.500000 (monitor=#0, HDPI=141.767441 (horz scale: 1.476744), VDPI=141.402069 (vert scale: 1.472938))
[2017.11.12-09.55.07:407][469]LogLinux: Scale at X=960.000000, Y=540.000000: 1.500000 (monitor=#0, HDPI=141.767441 (horz scale: 1.476744), VDPI=141.402069 (vert scale: 1.472938))
[2017.11.12-09.55.07:410][469]LogLinux: Scale at X=960.000000, Y=540.000000: 1.500000 (monitor=#0, HDPI=141.767441 (horz scale: 1.476744), VDPI=141.402069 (vert scale: 1.472938))
[2017.11.12-09.55.07:453][469]LogSlate: Took 0.000168 seconds to synchronously load lazily loaded font '../../../Engine/Content/Slate/Fonts/Roboto-Light.ttf' (159K)
[2017.11.12-09.55.07:506][469]LogLinux: Setting swap interval to 'Immediate'
[2017.11.12-09.55.07:540][469]LogLinux: Scale at X=0.000000, Y=25.000000: 1.500000 (monitor=#0, HDPI=141.767441 (horz scale: 1.476744), VDPI=141.402069 (vert scale: 1.472938))
[2017.11.12-09.55.07:540][469]LogLinux: Scale at X=0.000000, Y=29.500000: 1.500000 (monitor=#0, HDPI=141.767441 (horz scale: 1.476744), VDPI=141.402069 (vert scale: 1.472938))
[2017.11.12-09.55.07:540][469]LogLinux: Scale at X=965.000000, Y=537.500000: 1.500000 (monitor=#0, HDPI=141.767441 (horz scale: 1.476744), VDPI=141.402069 (vert scale: 1.472938))
[2017.11.12-09.55.11:086][469]LogSlate: Took 0.000048 seconds to synchronously load lazily loaded font '../../../Engine/Content/Slate/Fonts/Roboto-Regular.ttf' (155K)
[2017.11.12-09.55.11:501][469]LogContentBrowser: Native class hierarchy updated for 'BlueprintGraph' in 0.0007 seconds. Added 116 classes and 0 folders.
[2017.11.12-09.55.12:750][469]LogSlate: Took 0.014899 seconds to synchronously load lazily loaded font '../../../Engine/Content/Editor/Slate/Fonts/Roboto-BoldCondensed.ttf' (158K)
[2017.11.12-09.55.12:914][471]LogLinux: Setting swap interval to 'Immediate'
[2017.11.12-09.55.26:380][541]LogSlate: Took 0.000144 seconds to synchronously load lazily loaded font '../../../Engine/Content/Editor/Slate/Fonts/Roboto-Italic.ttf' (157K)
[2017.11.12-09.55.30:264][662]LogRenderer: Reallocating scene render targets to support 804x532 Format 9 NumSamples 1 (Frame:1).
[2017.11.12-09.55.45:732][890]LogLinux: Scale at X=0.000000, Y=25.000000: 1.500000 (monitor=#0, HDPI=141.767441 (horz scale: 1.476744), VDPI=141.402069 (vert scale: 1.472938))
[2017.11.12-09.55.45:733][890]LogLinux: Scale at X=960.000000, Y=540.000000: 1.500000 (monitor=#0, HDPI=141.767441 (horz scale: 1.476744), VDPI=141.402069 (vert scale: 1.472938))
[2017.11.12-09.55.45:740][890]LogLinux: Scale at X=960.000000, Y=540.000000: 1.500000 (monitor=#0, HDPI=141.767441 (horz scale: 1.476744), VDPI=141.402069 (vert scale: 1.472938))
[2017.11.12-09.55.45:808][890]LogLinux: Setting swap interval to 'Immediate'
[2017.11.12-09.55.45:857][890]Cmd: OBJ SAVEPACKAGE PACKAGE="/Game/Character/CharacterBP" FILE="../../../../../../Documents/Unreal Projects/thirdpersonplay/Content/Character/CharacterBP.uasset" SILENT=true
[2017.11.12-09.55.45:884][890]LogSavePackage: Save=24.85ms
[2017.11.12-09.55.45:884][890]LogSavePackage: Moving '../../../../../../Documents/Unreal Projects/thirdpersonplay/Saved/CharacterBP68881F8E2D0B140C0037035B28604EEA.tmp' to '../../../../../../Documents/Unreal Projects/thirdpersonplay/Content/Character/CharacterBP.uasset'
[2017.11.12-09.55.45:885][890]LogSavePackage: Display: Finished SavePackage ../../../../../../Documents/Unreal Projects/thirdpersonplay/Content/Character/CharacterBP.uasset
